<?xml version="1.0" encoding="UTF-8"?>
<!-- Generated by org.testng.reporters.JUnitReportReporter -->
<testsuite hostname="LAPTOP-4KPOE664" name="FirstTest" tests="1" failures="0" timestamp="1 Mar 2019 17:50:23 GMT" time="20.981" errors="0">
  <testcase name="secondTest" time="20.981" classname="FirstTest"/>
</testsuite> <!-- FirstTest -->
