<?xml version="1.0" encoding="UTF-8"?>
<!-- Generated by org.testng.reporters.JUnitReportReporter -->
<testsuite hostname="LAPTOP-4KPOE664" failures="0" tests="1" name="BrushTest" time="161.402" errors="0" timestamp="10 May 2019 08:53:08 GMT">
  <testcase classname="BrushTest" name="brushTest" time="161.402"/>
</testsuite> <!-- BrushTest -->
