<?xml version="1.0" encoding="UTF-8"?>
<!-- Generated by org.testng.reporters.JUnitReportReporter -->
<testsuite hostname="LAPTOP-4KPOE664" failures="0" tests="3" name="CityTest" time="189.981" errors="0" timestamp="10 May 2019 08:53:08 GMT">
  <testcase classname="CityTest" name="cityTest" time="64.365"/>
  <testcase classname="CityTest" name="cityTest" time="66.990"/>
  <testcase classname="CityTest" name="cityTest" time="58.626"/>
</testsuite> <!-- CityTest -->
