<?xml version="1.0" encoding="UTF-8"?>
<!-- Generated by org.testng.reporters.JUnitReportReporter -->
<testsuite hostname="LAPTOP-4KPOE664" failures="0" tests="1" name="LoginTest" time="58.429" errors="0" timestamp="10 May 2019 08:53:08 GMT">
  <testcase classname="LoginTest" name="loginTest" time="58.429"/>
</testsuite> <!-- LoginTest -->
